<?xml version="1.0" ?>
<!DOCTYPE coverage SYSTEM "http://cobertura.sourceforge.net/xml/coverage-04.dtd">
<coverage lines-valid="32" lines-covered="0" line-rate="0" branches-valid="1" branches-covered="0" branch-rate="0" timestamp="1636074712294" complexity="0" version="0.1">
  <sources>
    <source>/Users/fernandonascimento/Projects/monorepo/testem1</source>
  </sources>
  <packages>
    <class name="app.js" filename="src/app.js" line-rate="0" branch-rate="0">
      <methods>
        <method name="(empty-report)" hits="0" signature="()V">
          <lines>
            <line number="1" hits="0"/>
          </lines>
        </method>
      </methods>
      <lines>
        <line number="1" hits="0" branch="true" condition-coverage="0% (0/1)"/>
        <line number="2" hits="0" branch="false"/>
        <line number="3" hits="0" branch="false"/>
        <line number="4" hits="0" branch="false"/>
        <line number="5" hits="0" branch="false"/>
        <line number="6" hits="0" branch="false"/>
        <line number="7" hits="0" branch="false"/>
        <line number="8" hits="0" branch="false"/>
        <line number="9" hits="0" branch="false"/>
        <line number="10" hits="0" branch="false"/>
        <line number="11" hits="0" branch="false"/>
        <line number="12" hits="0" branch="false"/>
        <line number="13" hits="0" branch="false"/>
        <line number="14" hits="0" branch="false"/>
        <line number="15" hits="0" branch="false"/>
        <line number="16" hits="0" branch="false"/>
        <line number="17" hits="0" branch="false"/>
        <line number="18" hits="0" branch="false"/>
        <line number="19" hits="0" branch="false"/>
        <line number="20" hits="0" branch="false"/>
        <line number="21" hits="0" branch="false"/>
        <line number="22" hits="0" branch="false"/>
        <line number="23" hits="0" branch="false"/>
        <line number="24" hits="0" branch="false"/>
        <line number="25" hits="0" branch="false"/>
        <line number="26" hits="0" branch="false"/>
        <line number="27" hits="0" branch="false"/>
        <line number="28" hits="0" branch="false"/>
        <line number="29" hits="0" branch="false"/>
        <line number="30" hits="0" branch="false"/>
        <line number="31" hits="0" branch="false"/>
        <line number="32" hits="0" branch="false"/>
      </lines>
    </class>
  </packages>
</coverage>
