<?xml version="1.0" ?>
<!DOCTYPE coverage SYSTEM "http://cobertura.sourceforge.net/xml/coverage-04.dtd">
<coverage lines-valid="9" lines-covered="0" line-rate="0" branches-valid="0" branches-covered="0" branch-rate="1" timestamp="1630004698018" complexity="0" version="0.1">
  <sources>
    <source>/Users/fernandonascimento/monorepo/testem1</source>
  </sources>
  <packages>
    <class name="app.js" filename="src/app.js" line-rate="0" branch-rate="1">
      <methods>
        <method name="(anonymous_0)" hits="0" signature="()V">
          <lines>
            <line number="8" hits="0"/>
          </lines>
        </method>
        <method name="(anonymous_1)" hits="0" signature="()V">
          <lines>
            <line number="12" hits="0"/>
          </lines>
        </method>
      </methods>
      <lines>
        <line number="1" hits="0" branch="false"/>
        <line number="2" hits="0" branch="false"/>
        <line number="3" hits="0" branch="false"/>
        <line number="4" hits="0" branch="false"/>
        <line number="6" hits="0" branch="false"/>
        <line number="8" hits="0" branch="false"/>
        <line number="9" hits="0" branch="false"/>
        <line number="12" hits="0" branch="false"/>
        <line number="13" hits="0" branch="false"/>
      </lines>
    </class>
  </packages>
</coverage>
